<?xml version="1.0" encoding="UTF-8" ?>
<testsuite failures="1" time="0.583" errors="0" skipped="0" tests="1" name="ufcg.si1.InfoCaronaMaven.Testes.TesteMaven">
  <properties>
[...]
</properties>
  <testcase time="0.564" classname="ufcg.si1.InfoCaronaMaven.Testes.TesteMaven" name="testarEasyAcceptScript">
    <failure message="null" type="junit.framework.AssertionFailedError">junit.framework.AssertionFailedError: null
	at junit.framework.Assert.fail(Assert.java:47)
	at junit.framework.Assert.assertTrue(Assert.java:20)
	at junit.framework.Assert.assertTrue(Assert.java:27)
	at ufcg.si1.InfoCaronaMaven.Testes.TesteMaven.testarEasyAcceptScript(TesteMaven.java:55)
	at sun.reflect.NativeMethodAccessorImpl.invoke0(Native Method)
	at sun.reflect.NativeMethodAccessorImpl.invoke(NativeMethodAccessorImpl.java:57)
	at sun.reflect.DelegatingMethodAccessorImpl.invoke(DelegatingMethodAccessorImpl.java:43)
	at java.lang.reflect.Method.invoke(Method.java:601)
	at junit.framework.TestCase.runTest(TestCase.java:164)
	at junit.framework.TestCase.runBare(TestCase.java:130)
	at junit.framework.TestResult$1.protect(TestResult.java:110)
	at junit.framework.TestResult.runProtected(TestResult.java:128)
	at junit.framework.TestResult.run(TestResult.java:113)
	at junit.framework.TestCase.run(TestCase.java:120)
	at junit.framework.TestSuite.runTest(TestSuite.java:228)
	at junit.framework.TestSuite.run(TestSuite.java:223)
	at org.junit.internal.runners.OldTestClassRunner.run(OldTestClassRunner.java:35)
	at org.apache.maven.surefire.junit4.JUnit4TestSet.execute(JUnit4TestSet.java:35)
	at org.apache.maven.surefire.junit4.JUnit4Provider.executeTestSet(JUnit4Provider.java:146)
	at org.apache.maven.surefire.junit4.JUnit4Provider.invoke(JUnit4Provider.java:97)
	at sun.reflect.NativeMethodAccessorImpl.invoke0(Native Method)
	at sun.reflect.NativeMethodAccessorImpl.invoke(NativeMethodAccessorImpl.java:57)
	at sun.reflect.DelegatingMethodAccessorImpl.invoke(DelegatingMethodAccessorImpl.java:43)
	at java.lang.reflect.Method.invoke(Method.java:601)
	at org.apache.maven.surefire.booter.ProviderFactory$ClassLoaderProxy.invoke(ProviderFactory.java:103)
	at $Proxy0.invoke(Unknown Source)
	at org.apache.maven.surefire.booter.SurefireStarter.invokeProvider(SurefireStarter.java:145)
	at org.apache.maven.surefire.booter.SurefireStarter.runSuitesInProcess(SurefireStarter.java:87)
	at org.apache.maven.surefire.booter.ForkedBooter.main(ForkedBooter.java:69)
</failure>
    <system-out>@HL
@HL-------------------------------------------------------
@HL T E S T S
@HL-------------------------------------------------------
@SLRunning ufcg.si1.InfoCaronaMaven.Testes.TesteMaven
Test file: scripts/US01.txt | Passed Tests: 33 | Not Passed Tests: 0

======================== 

Test file: scripts/US02.txt | Passed Tests: 63 | Not Passed Tests: 1

FAILURES:
   At line 70: Expected &lt;Data inválida&gt;, but no error occurred.
======================== 

Test file: scripts/US03.txt | Passed Tests: 21 | Not Passed Tests: 0

======================== 

Test file: scripts/US04.txt | Passed Tests: 41 | Not Passed Tests: 0

======================== 

Test file: scripts/US05.txt | Passed Tests: 32 | Not Passed Tests: 0

======================== 

Test file: scripts/US06.txt | Passed Tests: 26 | Not Passed Tests: 0

======================== 

Test file: scripts/US07.txt | Passed Tests: 62 | Not Passed Tests: 0

======================== 

Test file: scripts/US08.txt | Passed Tests: 48 | Not Passed Tests: 0

======================== 

Test file: scripts/US09.txt | Passed Tests: 46 | Not Passed Tests: 0

======================== 

Test file: scripts/US10.txt | Passed Tests: 24 | Not Passed Tests: 0

======================== 

Test file: scripts/US11.txt | Passed Tests: 25 | Not Passed Tests: 8

FAILURES:
   At line 30:Data inválida
   At line 31:Data inválida
   At line 32:Hora inválida
   At line 33:Data inválida
   At line 41: Expected the error message &lt;Destino inválido&gt;, but the error message was &lt;Data inválida&gt;
   At line 42: Expected the error message &lt;Destino inválido&gt;, but the error message was &lt;Data inválida&gt;
   At line 54: Expected &lt;[Carona cadastrada no dia 23/06/2012, às 16:00 de acordo com os seus interesses registrados. Entrar em contato com jucaPeroba@gmail.com]&gt;, but was &lt;[]&gt;
   At line 55: Expected &lt;[Carona cadastrada no dia 23/06/2012, às 16:00 de acordo com os seus interesses registrados. Entrar em contato com jucaPeroba@gmail.com]&gt;, but was &lt;[]&gt;
======================== 

Test file: scripts/US12.txt | Passed Tests: 26 | Not Passed Tests: 0

======================== 


</system-out>
  </testcase>
</testsuite>