<?xml version="1.0" encoding="UTF-8" ?>
<testsuite failures="0" time="0.016" errors="0" skipped="0" tests="8" name="ufcg.si1.infoCarona.testes.TestaSolicitacaodeVaga">
  <properties>
[...]
</properties>
  <testcase time="0" classname="ufcg.si1.infoCarona.testes.TestaSolicitacaodeVaga" name="testaGetOrigem"/>
  <testcase time="0" classname="ufcg.si1.infoCarona.testes.TestaSolicitacaodeVaga" name="testaGetDonoDaCarona"/>
  <testcase time="0" classname="ufcg.si1.infoCarona.testes.TestaSolicitacaodeVaga" name="testaGetDestino"/>
  <testcase time="0" classname="ufcg.si1.infoCarona.testes.TestaSolicitacaodeVaga" name="testaSolicitacaoDeVaga"/>
  <testcase time="0" classname="ufcg.si1.infoCarona.testes.TestaSolicitacaodeVaga" name="testaGetDonoSolicitacao"/>
  <testcase time="0" classname="ufcg.si1.infoCarona.testes.TestaSolicitacaodeVaga" name="testaGetPonto"/>
  <testcase time="0" classname="ufcg.si1.infoCarona.testes.TestaSolicitacaodeVaga" name="testaGetIdSolicitacao"/>
  <testcase time="0" classname="ufcg.si1.infoCarona.testes.TestaSolicitacaodeVaga" name="testaGetCarona"/>
</testsuite>