<?xml version="1.0" encoding="UTF-8" ?>
<testsuite failures="0" time="0.032" errors="0" skipped="0" tests="23" name="ufcg.si1.InfoCaronaMaven.Testes.TestaUsuario">
  <properties>
[...]
</properties>
  <testcase time="0" classname="ufcg.si1.InfoCaronaMaven.Testes.TestaUsuario" name="testaEquals"/>
  <testcase time="0.01" classname="ufcg.si1.InfoCaronaMaven.Testes.TestaUsuario" name="testaToString"/>
  <testcase time="0.002" classname="ufcg.si1.InfoCaronaMaven.Testes.TestaUsuario" name="testaGetEmail"/>
  <testcase time="0.005" classname="ufcg.si1.InfoCaronaMaven.Testes.TestaUsuario" name="testaGetEndereco"/>
  <testcase time="0.002" classname="ufcg.si1.InfoCaronaMaven.Testes.TestaUsuario" name="testaGetSenha"/>
  <testcase time="0.001" classname="ufcg.si1.InfoCaronaMaven.Testes.TestaUsuario" name="testaGetLogin"/>
  <testcase time="0.001" classname="ufcg.si1.InfoCaronaMaven.Testes.TestaUsuario" name="testaGetCaronas"/>
  <testcase time="0.001" classname="ufcg.si1.InfoCaronaMaven.Testes.TestaUsuario" name="testaSetEmail"/>
  <testcase time="0.001" classname="ufcg.si1.InfoCaronaMaven.Testes.TestaUsuario" name="testaSetSenha"/>
  <testcase time="0.001" classname="ufcg.si1.InfoCaronaMaven.Testes.TestaUsuario" name="testaCadastrarCarona"/>
  <testcase time="0" classname="ufcg.si1.InfoCaronaMaven.Testes.TestaUsuario" name="testaGetListaDeSolicitacaoDeVagas"/>
  <testcase time="0" classname="ufcg.si1.InfoCaronaMaven.Testes.TestaUsuario" name="testaGetCaronasNaoFuncionaram"/>
  <testcase time="0" classname="ufcg.si1.InfoCaronaMaven.Testes.TestaUsuario" name="testaSetCaronasNaoFuncionaram"/>
  <testcase time="0.001" classname="ufcg.si1.InfoCaronaMaven.Testes.TestaUsuario" name="testaUsuario"/>
  <testcase time="0" classname="ufcg.si1.InfoCaronaMaven.Testes.TestaUsuario" name="testaGetNome"/>
  <testcase time="0" classname="ufcg.si1.InfoCaronaMaven.Testes.TestaUsuario" name="testaSetNome"/>
  <testcase time="0" classname="ufcg.si1.InfoCaronaMaven.Testes.TestaUsuario" name="testaGetCaronasSeguras"/>
  <testcase time="0" classname="ufcg.si1.InfoCaronaMaven.Testes.TestaUsuario" name="testaGetFaltasEmVagas"/>
  <testcase time="0" classname="ufcg.si1.InfoCaronaMaven.Testes.TestaUsuario" name="testaGetPresencaEmVagas"/>
  <testcase time="0" classname="ufcg.si1.InfoCaronaMaven.Testes.TestaUsuario" name="testaGetSolicitacaoAceitas"/>
  <testcase time="0" classname="ufcg.si1.InfoCaronaMaven.Testes.TestaUsuario" name="testaSetCaronasSeguras"/>
  <testcase time="0" classname="ufcg.si1.InfoCaronaMaven.Testes.TestaUsuario" name="testaSetPresencaEmVagas"/>
  <testcase time="0" classname="ufcg.si1.InfoCaronaMaven.Testes.TestaUsuario" name="testaSetFaltasEmVagas"/>
</testsuite>